2018-12-30T21:49:00.872Z cookie-session session options {"name":"session","secret":"lewd","maxAge":1800000,"overwrite":false,"httpOnly":true,"signed":true}
It's up and running :3
2018-12-30T21:49:00.882Z Database Checking if admin exists
2018-12-30T21:49:00.892Z Database Admin already exists
2018-12-30T21:53:08.369Z cookie-session new session
2018-12-30T21:53:08.396Z cookie-session save eyJmbGFzaCI6e319
2018-12-30T21:53:08.440Z cookie-session parse eyJmbGFzaCI6e319
2018-12-30T21:53:08.447Z cookie-session parse eyJmbGFzaCI6e319
2018-12-30T21:53:08.450Z cookie-session parse eyJmbGFzaCI6e319
2018-12-30T21:53:08.461Z cookie-session parse eyJmbGFzaCI6e319
2018-12-30T21:53:08.472Z cookie-session parse eyJmbGFzaCI6e319
2018-12-30T21:55:41.904Z cookie-session session options {"name":"session","secret":"lewd","maxAge":1800000,"overwrite":false,"httpOnly":true,"signed":true}
It's up and running :3
2018-12-30T21:55:41.915Z Database Checking if admin exists
2018-12-30T21:55:41.920Z Database Admin already exists
2018-12-30T21:55:45.314Z cookie-session parse eyJmbGFzaCI6e319
2018-12-30T21:55:45.405Z cookie-session parse eyJmbGFzaCI6e319
2018-12-30T21:55:45.450Z cookie-session parse eyJmbGFzaCI6e319
2018-12-30T21:55:48.709Z cookie-session parse eyJmbGFzaCI6e319
2018-12-30T21:55:48.788Z cookie-session save eyJwYXNzcG9ydCI6eyJ1c2VyIjoiY2I4ZDU2MjM4MmM3ODQwOTY1NDViMDVjNjlmZTA4MTQwNDc5YTRmMCJ9fQ==
2018-12-30T21:55:48.797Z cookie-session parse eyJwYXNzcG9ydCI6eyJ1c2VyIjoiY2I4ZDU2MjM4MmM3ODQwOTY1NDViMDVjNjlmZTA4MTQwNDc5YTRmMCJ9fQ==
2018-12-30T21:55:48.816Z cookie-session save eyJwYXNzcG9ydCI6eyJ1c2VyIjoiY2I4ZDU2MjM4MmM3ODQwOTY1NDViMDVjNjlmZTA4MTQwNDc5YTRmMCJ9LCJmbGFzaCI6e319
2018-12-30T21:55:48.880Z cookie-session parse eyJwYXNzcG9ydCI6eyJ1c2VyIjoiY2I4ZDU2MjM4MmM3ODQwOTY1NDViMDVjNjlmZTA4MTQwNDc5YTRmMCJ9LCJmbGFzaCI6e319
2018-12-30T21:55:57.394Z cookie-session parse eyJwYXNzcG9ydCI6eyJ1c2VyIjoiY2I4ZDU2MjM4MmM3ODQwOTY1NDViMDVjNjlmZTA4MTQwNDc5YTRmMCJ9LCJmbGFzaCI6e319
2018-12-30T21:55:57.562Z cookie-session save eyJwYXNzcG9ydCI6eyJ1c2VyIjoiY2I4ZDU2MjM4MmM3ODQwOTY1NDViMDVjNjlmZTA4MTQwNDc5YTRmMCJ9LCJmbGFzaCI6eyJwYXNzd29yZENoYW5nZWQiOlsiWW91ciBwYXNzd29yZCBoYXMgbm93IGJlZW4gdXBkYXRlZCJdfX0=
2018-12-30T21:55:57.581Z cookie-session parse eyJwYXNzcG9ydCI6eyJ1c2VyIjoiY2I4ZDU2MjM4MmM3ODQwOTY1NDViMDVjNjlmZTA4MTQwNDc5YTRmMCJ9LCJmbGFzaCI6eyJwYXNzd29yZENoYW5nZWQiOlsiWW91ciBwYXNzd29yZCBoYXMgbm93IGJlZW4gdXBkYXRlZCJdfX0=
2018-12-30T21:55:57.601Z cookie-session save eyJwYXNzcG9ydCI6eyJ1c2VyIjoiY2I4ZDU2MjM4MmM3ODQwOTY1NDViMDVjNjlmZTA4MTQwNDc5YTRmMCJ9LCJmbGFzaCI6e319
2018-12-30T21:55:57.667Z cookie-session parse eyJwYXNzcG9ydCI6eyJ1c2VyIjoiY2I4ZDU2MjM4MmM3ODQwOTY1NDViMDVjNjlmZTA4MTQwNDc5YTRmMCJ9LCJmbGFzaCI6e319
2018-12-30T21:56:01.967Z cookie-session parse eyJwYXNzcG9ydCI6eyJ1c2VyIjoiY2I4ZDU2MjM4MmM3ODQwOTY1NDViMDVjNjlmZTA4MTQwNDc5YTRmMCJ9LCJmbGFzaCI6e319
2018-12-30T21:56:02.082Z cookie-session parse eyJwYXNzcG9ydCI6eyJ1c2VyIjoiY2I4ZDU2MjM4MmM3ODQwOTY1NDViMDVjNjlmZTA4MTQwNDc5YTRmMCJ9LCJmbGFzaCI6e319
2018-12-30T21:56:02.133Z cookie-session parse eyJwYXNzcG9ydCI6eyJ1c2VyIjoiY2I4ZDU2MjM4MmM3ODQwOTY1NDViMDVjNjlmZTA4MTQwNDc5YTRmMCJ9LCJmbGFzaCI6e319
2018-12-30T21:56:05.025Z cookie-session parse eyJwYXNzcG9ydCI6eyJ1c2VyIjoiY2I4ZDU2MjM4MmM3ODQwOTY1NDViMDVjNjlmZTA4MTQwNDc5YTRmMCJ9LCJmbGFzaCI6e319
2018-12-30T21:56:05.056Z cookie-session save eyJwYXNzcG9ydCI6eyJ1c2VyIjoiY2I4ZDU2MjM4MmM3ODQwOTY1NDViMDVjNjlmZTA4MTQwNDc5YTRmMCJ9fQ==
2018-12-30T21:56:05.069Z cookie-session parse eyJwYXNzcG9ydCI6eyJ1c2VyIjoiY2I4ZDU2MjM4MmM3ODQwOTY1NDViMDVjNjlmZTA4MTQwNDc5YTRmMCJ9LCJmbGFzaCI6e319
2018-12-30T22:06:30.368Z cookie-session parse eyJwYXNzcG9ydCI6eyJ1c2VyIjoiY2I4ZDU2MjM4MmM3ODQwOTY1NDViMDVjNjlmZTA4MTQwNDc5YTRmMCJ9fQ==
2018-12-30T22:06:30.381Z cookie-session save eyJwYXNzcG9ydCI6eyJ1c2VyIjoiY2I4ZDU2MjM4MmM3ODQwOTY1NDViMDVjNjlmZTA4MTQwNDc5YTRmMCJ9LCJmbGFzaCI6e319
2018-12-30T22:06:30.453Z cookie-session parse eyJwYXNzcG9ydCI6eyJ1c2VyIjoiY2I4ZDU2MjM4MmM3ODQwOTY1NDViMDVjNjlmZTA4MTQwNDc5YTRmMCJ9LCJmbGFzaCI6e319
