You have triggered an unhandledRejection, you may have forgotten to catch a Promise rejection:
error: column "virustotalScan" does not exist
    at Connection.parseE (/home/inaba/Programming/Lewd/node_modules/pg/lib/connection.js:554:11)
    at Connection.parseMessage (/home/inaba/Programming/Lewd/node_modules/pg/lib/connection.js:379:19)
    at Socket.<anonymous> (/home/inaba/Programming/Lewd/node_modules/pg/lib/connection.js:119:22)
    at Socket.emit (events.js:189:13)
    at addChunk (_stream_readable.js:288:12)
    at readableAddChunk (_stream_readable.js:269:11)
    at Socket.Readable.push (_stream_readable.js:224:10)
    at TCP.onStreamRead [as onread] (internal/stream_base_commons.js:145:17)
(node:15090) UnhandledPromiseRejectionWarning: error: column "virustotalScan" does not exist
    at Connection.parseE (/home/inaba/Programming/Lewd/node_modules/pg/lib/connection.js:554:11)
    at Connection.parseMessage (/home/inaba/Programming/Lewd/node_modules/pg/lib/connection.js:379:19)
    at Socket.<anonymous> (/home/inaba/Programming/Lewd/node_modules/pg/lib/connection.js:119:22)
    at Socket.emit (events.js:189:13)
    at addChunk (_stream_readable.js:288:12)
    at readableAddChunk (_stream_readable.js:269:11)
    at Socket.Readable.push (_stream_readable.js:224:10)
    at TCP.onStreamRead [as onread] (internal/stream_base_commons.js:145:17)
(node:15090) UnhandledPromiseRejectionWarning: Unhandled promise rejection. This error originated either by throwing inside of an async function without a catch block, or by rejecting a promise which was not handled with .catch(). (rejection id: 2)
(node:15090) [DEP0018] DeprecationWarning: Unhandled promise rejections are deprecated. In the future, promise rejections that are not handled will terminate the Node.js process with a non-zero exit code.
(node:15090) UnhandledPromiseRejectionWarning: error: column "virustotalScan" does not exist
    at Connection.parseE (/home/inaba/Programming/Lewd/node_modules/pg/lib/connection.js:554:11)
    at Connection.parseMessage (/home/inaba/Programming/Lewd/node_modules/pg/lib/connection.js:379:19)
    at Socket.<anonymous> (/home/inaba/Programming/Lewd/node_modules/pg/lib/connection.js:119:22)
    at Socket.emit (events.js:189:13)
    at addChunk (_stream_readable.js:288:12)
    at readableAddChunk (_stream_readable.js:269:11)
    at Socket.Readable.push (_stream_readable.js:224:10)
    at TCP.onStreamRead [as onread] (internal/stream_base_commons.js:145:17)
(node:15090) UnhandledPromiseRejectionWarning: Unhandled promise rejection. This error originated either by throwing inside of an async function without a catch block, or by rejecting a promise which was not handled with .catch(). (rejection id: 3)
(node:15090) UnhandledPromiseRejectionWarning: error: column "virustotalScan" does not exist
    at Connection.parseE (/home/inaba/Programming/Lewd/node_modules/pg/lib/connection.js:554:11)
    at Connection.parseMessage (/home/inaba/Programming/Lewd/node_modules/pg/lib/connection.js:379:19)
    at Socket.<anonymous> (/home/inaba/Programming/Lewd/node_modules/pg/lib/connection.js:119:22)
    at Socket.emit (events.js:189:13)
    at addChunk (_stream_readable.js:288:12)
    at readableAddChunk (_stream_readable.js:269:11)
    at Socket.Readable.push (_stream_readable.js:224:10)
    at TCP.onStreamRead [as onread] (internal/stream_base_commons.js:145:17)
(node:15090) UnhandledPromiseRejectionWarning: Unhandled promise rejection. This error originated either by throwing inside of an async function without a catch block, or by rejecting a promise which was not handled with .catch(). (rejection id: 4)
(node:15090) UnhandledPromiseRejectionWarning: error: column "virustotalScan" does not exist
    at Connection.parseE (/home/inaba/Programming/Lewd/node_modules/pg/lib/connection.js:554:11)
    at Connection.parseMessage (/home/inaba/Programming/Lewd/node_modules/pg/lib/connection.js:379:19)
    at Socket.<anonymous> (/home/inaba/Programming/Lewd/node_modules/pg/lib/connection.js:119:22)
    at Socket.emit (events.js:189:13)
    at addChunk (_stream_readable.js:288:12)
    at readableAddChunk (_stream_readable.js:269:11)
    at Socket.Readable.push (_stream_readable.js:224:10)
    at TCP.onStreamRead [as onread] (internal/stream_base_commons.js:145:17)
(node:15090) UnhandledPromiseRejectionWarning: Unhandled promise rejection. This error originated either by throwing inside of an async function without a catch block, or by rejecting a promise which was not handled with .catch(). (rejection id: 5)
(node:15090) UnhandledPromiseRejectionWarning: error: column "virustotalScan" does not exist
    at Connection.parseE (/home/inaba/Programming/Lewd/node_modules/pg/lib/connection.js:554:11)
    at Connection.parseMessage (/home/inaba/Programming/Lewd/node_modules/pg/lib/connection.js:379:19)
    at Socket.<anonymous> (/home/inaba/Programming/Lewd/node_modules/pg/lib/connection.js:119:22)
    at Socket.emit (events.js:189:13)
    at addChunk (_stream_readable.js:288:12)
    at readableAddChunk (_stream_readable.js:269:11)
    at Socket.Readable.push (_stream_readable.js:224:10)
    at TCP.onStreamRead [as onread] (internal/stream_base_commons.js:145:17)
(node:15090) UnhandledPromiseRejectionWarning: Unhandled promise rejection. This error originated either by throwing inside of an async function without a catch block, or by rejecting a promise which was not handled with .catch(). (rejection id: 6)
(node:15090) UnhandledPromiseRejectionWarning: error: column "virustotalScan" does not exist
    at Connection.parseE (/home/inaba/Programming/Lewd/node_modules/pg/lib/connection.js:554:11)
    at Connection.parseMessage (/home/inaba/Programming/Lewd/node_modules/pg/lib/connection.js:379:19)
    at Socket.<anonymous> (/home/inaba/Programming/Lewd/node_modules/pg/lib/connection.js:119:22)
    at Socket.emit (events.js:189:13)
    at addChunk (_stream_readable.js:288:12)
    at readableAddChunk (_stream_readable.js:269:11)
    at Socket.Readable.push (_stream_readable.js:224:10)
    at TCP.onStreamRead [as onread] (internal/stream_base_commons.js:145:17)
(node:15090) UnhandledPromiseRejectionWarning: Unhandled promise rejection. This error originated either by throwing inside of an async function without a catch block, or by rejecting a promise which was not handled with .catch(). (rejection id: 7)
(node:15090) UnhandledPromiseRejectionWarning: error: column "virustotalScan" does not exist
    at Connection.parseE (/home/inaba/Programming/Lewd/node_modules/pg/lib/connection.js:554:11)
    at Connection.parseMessage (/home/inaba/Programming/Lewd/node_modules/pg/lib/connection.js:379:19)
    at Socket.<anonymous> (/home/inaba/Programming/Lewd/node_modules/pg/lib/connection.js:119:22)
    at Socket.emit (events.js:189:13)
    at addChunk (_stream_readable.js:288:12)
    at readableAddChunk (_stream_readable.js:269:11)
    at Socket.Readable.push (_stream_readable.js:224:10)
    at TCP.onStreamRead [as onread] (internal/stream_base_commons.js:145:17)
(node:15090) UnhandledPromiseRejectionWarning: Unhandled promise rejection. This error originated either by throwing inside of an async function without a catch block, or by rejecting a promise which was not handled with .catch(). (rejection id: 8)
(node:15090) UnhandledPromiseRejectionWarning: error: column "virustotalScan" does not exist
    at Connection.parseE (/home/inaba/Programming/Lewd/node_modules/pg/lib/connection.js:554:11)
    at Connection.parseMessage (/home/inaba/Programming/Lewd/node_modules/pg/lib/connection.js:379:19)
    at Socket.<anonymous> (/home/inaba/Programming/Lewd/node_modules/pg/lib/connection.js:119:22)
    at Socket.emit (events.js:189:13)
    at addChunk (_stream_readable.js:288:12)
    at readableAddChunk (_stream_readable.js:269:11)
    at Socket.Readable.push (_stream_readable.js:224:10)
    at TCP.onStreamRead [as onread] (internal/stream_base_commons.js:145:17)
(node:15090) UnhandledPromiseRejectionWarning: Unhandled promise rejection. This error originated either by throwing inside of an async function without a catch block, or by rejecting a promise which was not handled with .catch(). (rejection id: 9)
